<?xml version="1.0" encoding="UTF-8"?>
<testsuite xmlns:xsi="http://www.w3.org/2001/XMLSchema-instance" xsi:noNamespaceSchemaLocation="https://maven.apache.org/surefire/maven-surefire-plugin/xsd/surefire-test-report.xsd" name="com.rblue.MaterialManagermentApplicationTests" time="5.939" tests="1" errors="0" skipped="0" failures="0">
  <properties>
    <property name="sun.desktop" value="windows"/>
    <property name="awt.toolkit" value="sun.awt.windows.WToolkit"/>
    <property name="file.encoding.pkg" value="sun.io"/>
    <property name="java.specification.version" value="1.8"/>
    <property name="sun.cpu.isalist" value="amd64"/>
    <property name="sun.jnu.encoding" value="GBK"/>
    <property name="java.class.path" value="D:\javaSpring\material_management\target\test-classes;D:\javaSpring\material_management\target\classes;D:\maven\apache-maven-3.6.1\mvn_resp\org\springframework\boot\spring-boot-starter\2.7.8\spring-boot-starter-2.7.8.jar;D:\maven\apache-maven-3.6.1\mvn_resp\org\springframework\boot\spring-boot\2.7.8\spring-boot-2.7.8.jar;D:\maven\apache-maven-3.6.1\mvn_resp\org\springframework\spring-context\5.3.25\spring-context-5.3.25.jar;D:\maven\apache-maven-3.6.1\mvn_resp\org\springframework\boot\spring-boot-autoconfigure\2.7.8\spring-boot-autoconfigure-2.7.8.jar;D:\maven\apache-maven-3.6.1\mvn_resp\org\springframework\boot\spring-boot-starter-logging\2.7.8\spring-boot-starter-logging-2.7.8.jar;D:\maven\apache-maven-3.6.1\mvn_resp\ch\qos\logback\logback-classic\1.2.11\logback-classic-1.2.11.jar;D:\maven\apache-maven-3.6.1\mvn_resp\ch\qos\logback\logback-core\1.2.11\logback-core-1.2.11.jar;D:\maven\apache-maven-3.6.1\mvn_resp\org\apache\logging\log4j\log4j-to-slf4j\2.17.2\log4j-to-slf4j-2.17.2.jar;D:\maven\apache-maven-3.6.1\mvn_resp\org\apache\logging\log4j\log4j-api\2.17.2\log4j-api-2.17.2.jar;D:\maven\apache-maven-3.6.1\mvn_resp\org\slf4j\jul-to-slf4j\1.7.36\jul-to-slf4j-1.7.36.jar;D:\maven\apache-maven-3.6.1\mvn_resp\jakarta\annotation\jakarta.annotation-api\1.3.5\jakarta.annotation-api-1.3.5.jar;D:\maven\apache-maven-3.6.1\mvn_resp\org\springframework\spring-core\5.3.25\spring-core-5.3.25.jar;D:\maven\apache-maven-3.6.1\mvn_resp\org\springframework\spring-jcl\5.3.25\spring-jcl-5.3.25.jar;D:\maven\apache-maven-3.6.1\mvn_resp\org\yaml\snakeyaml\1.30\snakeyaml-1.30.jar;D:\maven\apache-maven-3.6.1\mvn_resp\org\springframework\boot\spring-boot-starter-web\2.7.8\spring-boot-starter-web-2.7.8.jar;D:\maven\apache-maven-3.6.1\mvn_resp\org\springframework\boot\spring-boot-starter-json\2.7.8\spring-boot-starter-json-2.7.8.jar;D:\maven\apache-maven-3.6.1\mvn_resp\com\fasterxml\jackson\core\jackson-databind\2.13.4.2\jackson-databind-2.13.4.2.jar;D:\maven\apache-maven-3.6.1\mvn_resp\com\fasterxml\jackson\core\jackson-annotations\2.13.4\jackson-annotations-2.13.4.jar;D:\maven\apache-maven-3.6.1\mvn_resp\com\fasterxml\jackson\core\jackson-core\2.13.4\jackson-core-2.13.4.jar;D:\maven\apache-maven-3.6.1\mvn_resp\com\fasterxml\jackson\datatype\jackson-datatype-jdk8\2.13.4\jackson-datatype-jdk8-2.13.4.jar;D:\maven\apache-maven-3.6.1\mvn_resp\com\fasterxml\jackson\datatype\jackson-datatype-jsr310\2.13.4\jackson-datatype-jsr310-2.13.4.jar;D:\maven\apache-maven-3.6.1\mvn_resp\com\fasterxml\jackson\module\jackson-module-parameter-names\2.13.4\jackson-module-parameter-names-2.13.4.jar;D:\maven\apache-maven-3.6.1\mvn_resp\org\springframework\boot\spring-boot-starter-tomcat\2.7.8\spring-boot-starter-tomcat-2.7.8.jar;D:\maven\apache-maven-3.6.1\mvn_resp\org\apache\tomcat\embed\tomcat-embed-core\9.0.71\tomcat-embed-core-9.0.71.jar;D:\maven\apache-maven-3.6.1\mvn_resp\org\apache\tomcat\embed\tomcat-embed-el\9.0.71\tomcat-embed-el-9.0.71.jar;D:\maven\apache-maven-3.6.1\mvn_resp\org\apache\tomcat\embed\tomcat-embed-websocket\9.0.71\tomcat-embed-websocket-9.0.71.jar;D:\maven\apache-maven-3.6.1\mvn_resp\org\springframework\spring-web\5.3.25\spring-web-5.3.25.jar;D:\maven\apache-maven-3.6.1\mvn_resp\org\springframework\spring-beans\5.3.25\spring-beans-5.3.25.jar;D:\maven\apache-maven-3.6.1\mvn_resp\org\springframework\spring-webmvc\5.3.25\spring-webmvc-5.3.25.jar;D:\maven\apache-maven-3.6.1\mvn_resp\org\springframework\spring-aop\5.3.25\spring-aop-5.3.25.jar;D:\maven\apache-maven-3.6.1\mvn_resp\org\springframework\spring-expression\5.3.25\spring-expression-5.3.25.jar;D:\maven\apache-maven-3.6.1\mvn_resp\org\mybatis\spring\boot\mybatis-spring-boot-starter\2.3.0\mybatis-spring-boot-starter-2.3.0.jar;D:\maven\apache-maven-3.6.1\mvn_resp\org\springframework\boot\spring-boot-starter-jdbc\2.7.8\spring-boot-starter-jdbc-2.7.8.jar;D:\maven\apache-maven-3.6.1\mvn_resp\com\zaxxer\HikariCP\4.0.3\HikariCP-4.0.3.jar;D:\maven\apache-maven-3.6.1\mvn_resp\org\springframework\spring-jdbc\5.3.25\spring-jdbc-5.3.25.jar;D:\maven\apache-maven-3.6.1\mvn_resp\org\mybatis\spring\boot\mybatis-spring-boot-autoconfigure\2.3.0\mybatis-spring-boot-autoconfigure-2.3.0.jar;D:\maven\apache-maven-3.6.1\mvn_resp\org\mybatis\mybatis\3.5.11\mybatis-3.5.11.jar;D:\maven\apache-maven-3.6.1\mvn_resp\org\mybatis\mybatis-spring\2.1.0\mybatis-spring-2.1.0.jar;D:\maven\apache-maven-3.6.1\mvn_resp\com\baomidou\mybatis-plus-boot-starter\3.5.2\mybatis-plus-boot-starter-3.5.2.jar;D:\maven\apache-maven-3.6.1\mvn_resp\com\baomidou\mybatis-plus\3.5.2\mybatis-plus-3.5.2.jar;D:\maven\apache-maven-3.6.1\mvn_resp\com\baomidou\mybatis-plus-extension\3.5.2\mybatis-plus-extension-3.5.2.jar;D:\maven\apache-maven-3.6.1\mvn_resp\com\baomidou\mybatis-plus-core\3.5.2\mybatis-plus-core-3.5.2.jar;D:\maven\apache-maven-3.6.1\mvn_resp\com\baomidou\mybatis-plus-annotation\3.5.2\mybatis-plus-annotation-3.5.2.jar;D:\maven\apache-maven-3.6.1\mvn_resp\com\github\jsqlparser\jsqlparser\4.4\jsqlparser-4.4.jar;D:\maven\apache-maven-3.6.1\mvn_resp\org\jetbrains\kotlin\kotlin-stdlib-jdk8\1.6.21\kotlin-stdlib-jdk8-1.6.21.jar;D:\maven\apache-maven-3.6.1\mvn_resp\org\jetbrains\kotlin\kotlin-stdlib\1.6.21\kotlin-stdlib-1.6.21.jar;D:\maven\apache-maven-3.6.1\mvn_resp\org\jetbrains\kotlin\kotlin-stdlib-common\1.6.21\kotlin-stdlib-common-1.6.21.jar;D:\maven\apache-maven-3.6.1\mvn_resp\org\jetbrains\annotations\13.0\annotations-13.0.jar;D:\maven\apache-maven-3.6.1\mvn_resp\org\jetbrains\kotlin\kotlin-stdlib-jdk7\1.6.21\kotlin-stdlib-jdk7-1.6.21.jar;D:\maven\apache-maven-3.6.1\mvn_resp\com\mysql\mysql-connector-j\8.0.32\mysql-connector-j-8.0.32.jar;D:\maven\apache-maven-3.6.1\mvn_resp\redis\clients\jedis\2.8.0\jedis-2.8.0.jar;D:\maven\apache-maven-3.6.1\mvn_resp\org\apache\commons\commons-pool2\2.11.1\commons-pool2-2.11.1.jar;D:\maven\apache-maven-3.6.1\mvn_resp\org\springframework\boot\spring-boot-starter-data-redis\2.7.8\spring-boot-starter-data-redis-2.7.8.jar;D:\maven\apache-maven-3.6.1\mvn_resp\org\springframework\data\spring-data-redis\2.7.7\spring-data-redis-2.7.7.jar;D:\maven\apache-maven-3.6.1\mvn_resp\org\springframework\data\spring-data-keyvalue\2.7.7\spring-data-keyvalue-2.7.7.jar;D:\maven\apache-maven-3.6.1\mvn_resp\org\springframework\data\spring-data-commons\2.7.7\spring-data-commons-2.7.7.jar;D:\maven\apache-maven-3.6.1\mvn_resp\org\springframework\spring-tx\5.3.25\spring-tx-5.3.25.jar;D:\maven\apache-maven-3.6.1\mvn_resp\org\springframework\spring-oxm\5.3.25\spring-oxm-5.3.25.jar;D:\maven\apache-maven-3.6.1\mvn_resp\org\springframework\spring-context-support\5.3.25\spring-context-support-5.3.25.jar;D:\maven\apache-maven-3.6.1\mvn_resp\io\lettuce\lettuce-core\6.1.10.RELEASE\lettuce-core-6.1.10.RELEASE.jar;D:\maven\apache-maven-3.6.1\mvn_resp\io\netty\netty-common\4.1.87.Final\netty-common-4.1.87.Final.jar;D:\maven\apache-maven-3.6.1\mvn_resp\io\netty\netty-handler\4.1.87.Final\netty-handler-4.1.87.Final.jar;D:\maven\apache-maven-3.6.1\mvn_resp\io\netty\netty-resolver\4.1.87.Final\netty-resolver-4.1.87.Final.jar;D:\maven\apache-maven-3.6.1\mvn_resp\io\netty\netty-buffer\4.1.87.Final\netty-buffer-4.1.87.Final.jar;D:\maven\apache-maven-3.6.1\mvn_resp\io\netty\netty-transport-native-unix-common\4.1.87.Final\netty-transport-native-unix-common-4.1.87.Final.jar;D:\maven\apache-maven-3.6.1\mvn_resp\io\netty\netty-codec\4.1.87.Final\netty-codec-4.1.87.Final.jar;D:\maven\apache-maven-3.6.1\mvn_resp\io\netty\netty-transport\4.1.87.Final\netty-transport-4.1.87.Final.jar;D:\maven\apache-maven-3.6.1\mvn_resp\io\projectreactor\reactor-core\3.4.26\reactor-core-3.4.26.jar;D:\maven\apache-maven-3.6.1\mvn_resp\org\reactivestreams\reactive-streams\1.0.4\reactive-streams-1.0.4.jar;D:\maven\apache-maven-3.6.1\mvn_resp\com\alibaba\fastjson\1.2.76\fastjson-1.2.76.jar;D:\maven\apache-maven-3.6.1\mvn_resp\org\projectlombok\lombok\1.18.24\lombok-1.18.24.jar;D:\maven\apache-maven-3.6.1\mvn_resp\commons-lang\commons-lang\2.6\commons-lang-2.6.jar;D:\maven\apache-maven-3.6.1\mvn_resp\org\springframework\boot\spring-boot-starter-test\2.7.8\spring-boot-starter-test-2.7.8.jar;D:\maven\apache-maven-3.6.1\mvn_resp\org\springframework\boot\spring-boot-test\2.7.8\spring-boot-test-2.7.8.jar;D:\maven\apache-maven-3.6.1\mvn_resp\org\springframework\boot\spring-boot-test-autoconfigure\2.7.8\spring-boot-test-autoconfigure-2.7.8.jar;D:\maven\apache-maven-3.6.1\mvn_resp\com\jayway\jsonpath\json-path\2.7.0\json-path-2.7.0.jar;D:\maven\apache-maven-3.6.1\mvn_resp\net\minidev\json-smart\2.4.8\json-smart-2.4.8.jar;D:\maven\apache-maven-3.6.1\mvn_resp\net\minidev\accessors-smart\2.4.8\accessors-smart-2.4.8.jar;D:\maven\apache-maven-3.6.1\mvn_resp\org\ow2\asm\asm\9.1\asm-9.1.jar;D:\maven\apache-maven-3.6.1\mvn_resp\jakarta\xml\bind\jakarta.xml.bind-api\2.3.3\jakarta.xml.bind-api-2.3.3.jar;D:\maven\apache-maven-3.6.1\mvn_resp\jakarta\activation\jakarta.activation-api\1.2.2\jakarta.activation-api-1.2.2.jar;D:\maven\apache-maven-3.6.1\mvn_resp\org\assertj\assertj-core\3.22.0\assertj-core-3.22.0.jar;D:\maven\apache-maven-3.6.1\mvn_resp\org\hamcrest\hamcrest\2.2\hamcrest-2.2.jar;D:\maven\apache-maven-3.6.1\mvn_resp\org\junit\jupiter\junit-jupiter\5.8.2\junit-jupiter-5.8.2.jar;D:\maven\apache-maven-3.6.1\mvn_resp\org\junit\jupiter\junit-jupiter-api\5.8.2\junit-jupiter-api-5.8.2.jar;D:\maven\apache-maven-3.6.1\mvn_resp\org\opentest4j\opentest4j\1.2.0\opentest4j-1.2.0.jar;D:\maven\apache-maven-3.6.1\mvn_resp\org\junit\platform\junit-platform-commons\1.8.2\junit-platform-commons-1.8.2.jar;D:\maven\apache-maven-3.6.1\mvn_resp\org\apiguardian\apiguardian-api\1.1.2\apiguardian-api-1.1.2.jar;D:\maven\apache-maven-3.6.1\mvn_resp\org\junit\jupiter\junit-jupiter-params\5.8.2\junit-jupiter-params-5.8.2.jar;D:\maven\apache-maven-3.6.1\mvn_resp\org\junit\jupiter\junit-jupiter-engine\5.8.2\junit-jupiter-engine-5.8.2.jar;D:\maven\apache-maven-3.6.1\mvn_resp\org\junit\platform\junit-platform-engine\1.8.2\junit-platform-engine-1.8.2.jar;D:\maven\apache-maven-3.6.1\mvn_resp\org\mockito\mockito-core\4.5.1\mockito-core-4.5.1.jar;D:\maven\apache-maven-3.6.1\mvn_resp\net\bytebuddy\byte-buddy\1.12.22\byte-buddy-1.12.22.jar;D:\maven\apache-maven-3.6.1\mvn_resp\net\bytebuddy\byte-buddy-agent\1.12.22\byte-buddy-agent-1.12.22.jar;D:\maven\apache-maven-3.6.1\mvn_resp\org\objenesis\objenesis\3.2\objenesis-3.2.jar;D:\maven\apache-maven-3.6.1\mvn_resp\org\mockito\mockito-junit-jupiter\4.5.1\mockito-junit-jupiter-4.5.1.jar;D:\maven\apache-maven-3.6.1\mvn_resp\org\skyscreamer\jsonassert\1.5.1\jsonassert-1.5.1.jar;D:\maven\apache-maven-3.6.1\mvn_resp\com\vaadin\external\google\android-json\0.0.20131108.vaadin1\android-json-0.0.20131108.vaadin1.jar;D:\maven\apache-maven-3.6.1\mvn_resp\org\springframework\spring-test\5.3.25\spring-test-5.3.25.jar;D:\maven\apache-maven-3.6.1\mvn_resp\org\xmlunit\xmlunit-core\2.9.1\xmlunit-core-2.9.1.jar;D:\maven\apache-maven-3.6.1\mvn_resp\com\alibaba\druid-spring-boot-starter\1.1.23\druid-spring-boot-starter-1.1.23.jar;D:\maven\apache-maven-3.6.1\mvn_resp\com\alibaba\druid\1.1.23\druid-1.1.23.jar;D:\maven\apache-maven-3.6.1\mvn_resp\org\slf4j\slf4j-api\1.7.36\slf4j-api-1.7.36.jar;D:\maven\apache-maven-3.6.1\mvn_resp\org\apache\poi\poi\3.9\poi-3.9.jar;D:\maven\apache-maven-3.6.1\mvn_resp\commons-codec\commons-codec\1.15\commons-codec-1.15.jar;D:\maven\apache-maven-3.6.1\mvn_resp\org\apache\poi\poi-ooxml\4.1.0\poi-ooxml-4.1.0.jar;D:\maven\apache-maven-3.6.1\mvn_resp\org\apache\poi\poi-ooxml-schemas\4.1.0\poi-ooxml-schemas-4.1.0.jar;D:\maven\apache-maven-3.6.1\mvn_resp\org\apache\xmlbeans\xmlbeans\3.1.0\xmlbeans-3.1.0.jar;D:\maven\apache-maven-3.6.1\mvn_resp\org\apache\commons\commons-compress\1.18\commons-compress-1.18.jar;D:\maven\apache-maven-3.6.1\mvn_resp\com\github\virtuald\curvesapi\1.06\curvesapi-1.06.jar;D:\maven\apache-maven-3.6.1\mvn_resp\joda-time\joda-time\2.10.1\joda-time-2.10.1.jar;D:\maven\apache-maven-3.6.1\mvn_resp\junit\junit\4.12\junit-4.12.jar;D:\maven\apache-maven-3.6.1\mvn_resp\org\hamcrest\hamcrest-core\2.2\hamcrest-core-2.2.jar;"/>
    <property name="java.vm.vendor" value="Oracle Corporation"/>
    <property name="sun.arch.data.model" value="64"/>
    <property name="user.variant" value=""/>
    <property name="java.vendor.url" value="http://java.oracle.com/"/>
    <property name="user.timezone" value="Australia/Perth"/>
    <property name="java.vm.specification.version" value="1.8"/>
    <property name="os.name" value="Windows 10"/>
    <property name="user.country" value="CN"/>
    <property name="sun.java.launcher" value="SUN_STANDARD"/>
    <property name="sun.boot.library.path" value="C:\Program Files\Java\jdk1.8.0_351\jre\bin"/>
    <property name="sun.java.command" value="C:\Users\AOO\AppData\Local\Temp\surefire3972089787541459880\surefirebooter7848065227541716043.jar C:\Users\AOO\AppData\Local\Temp\surefire3972089787541459880 2023-03-13T14-29-06_284-jvmRun1 surefire4513393864585115107tmp surefire_04540649817979857497tmp"/>
    <property name="surefire.test.class.path" value="D:\javaSpring\material_management\target\test-classes;D:\javaSpring\material_management\target\classes;D:\maven\apache-maven-3.6.1\mvn_resp\org\springframework\boot\spring-boot-starter\2.7.8\spring-boot-starter-2.7.8.jar;D:\maven\apache-maven-3.6.1\mvn_resp\org\springframework\boot\spring-boot\2.7.8\spring-boot-2.7.8.jar;D:\maven\apache-maven-3.6.1\mvn_resp\org\springframework\spring-context\5.3.25\spring-context-5.3.25.jar;D:\maven\apache-maven-3.6.1\mvn_resp\org\springframework\boot\spring-boot-autoconfigure\2.7.8\spring-boot-autoconfigure-2.7.8.jar;D:\maven\apache-maven-3.6.1\mvn_resp\org\springframework\boot\spring-boot-starter-logging\2.7.8\spring-boot-starter-logging-2.7.8.jar;D:\maven\apache-maven-3.6.1\mvn_resp\ch\qos\logback\logback-classic\1.2.11\logback-classic-1.2.11.jar;D:\maven\apache-maven-3.6.1\mvn_resp\ch\qos\logback\logback-core\1.2.11\logback-core-1.2.11.jar;D:\maven\apache-maven-3.6.1\mvn_resp\org\apache\logging\log4j\log4j-to-slf4j\2.17.2\log4j-to-slf4j-2.17.2.jar;D:\maven\apache-maven-3.6.1\mvn_resp\org\apache\logging\log4j\log4j-api\2.17.2\log4j-api-2.17.2.jar;D:\maven\apache-maven-3.6.1\mvn_resp\org\slf4j\jul-to-slf4j\1.7.36\jul-to-slf4j-1.7.36.jar;D:\maven\apache-maven-3.6.1\mvn_resp\jakarta\annotation\jakarta.annotation-api\1.3.5\jakarta.annotation-api-1.3.5.jar;D:\maven\apache-maven-3.6.1\mvn_resp\org\springframework\spring-core\5.3.25\spring-core-5.3.25.jar;D:\maven\apache-maven-3.6.1\mvn_resp\org\springframework\spring-jcl\5.3.25\spring-jcl-5.3.25.jar;D:\maven\apache-maven-3.6.1\mvn_resp\org\yaml\snakeyaml\1.30\snakeyaml-1.30.jar;D:\maven\apache-maven-3.6.1\mvn_resp\org\springframework\boot\spring-boot-starter-web\2.7.8\spring-boot-starter-web-2.7.8.jar;D:\maven\apache-maven-3.6.1\mvn_resp\org\springframework\boot\spring-boot-starter-json\2.7.8\spring-boot-starter-json-2.7.8.jar;D:\maven\apache-maven-3.6.1\mvn_resp\com\fasterxml\jackson\core\jackson-databind\2.13.4.2\jackson-databind-2.13.4.2.jar;D:\maven\apache-maven-3.6.1\mvn_resp\com\fasterxml\jackson\core\jackson-annotations\2.13.4\jackson-annotations-2.13.4.jar;D:\maven\apache-maven-3.6.1\mvn_resp\com\fasterxml\jackson\core\jackson-core\2.13.4\jackson-core-2.13.4.jar;D:\maven\apache-maven-3.6.1\mvn_resp\com\fasterxml\jackson\datatype\jackson-datatype-jdk8\2.13.4\jackson-datatype-jdk8-2.13.4.jar;D:\maven\apache-maven-3.6.1\mvn_resp\com\fasterxml\jackson\datatype\jackson-datatype-jsr310\2.13.4\jackson-datatype-jsr310-2.13.4.jar;D:\maven\apache-maven-3.6.1\mvn_resp\com\fasterxml\jackson\module\jackson-module-parameter-names\2.13.4\jackson-module-parameter-names-2.13.4.jar;D:\maven\apache-maven-3.6.1\mvn_resp\org\springframework\boot\spring-boot-starter-tomcat\2.7.8\spring-boot-starter-tomcat-2.7.8.jar;D:\maven\apache-maven-3.6.1\mvn_resp\org\apache\tomcat\embed\tomcat-embed-core\9.0.71\tomcat-embed-core-9.0.71.jar;D:\maven\apache-maven-3.6.1\mvn_resp\org\apache\tomcat\embed\tomcat-embed-el\9.0.71\tomcat-embed-el-9.0.71.jar;D:\maven\apache-maven-3.6.1\mvn_resp\org\apache\tomcat\embed\tomcat-embed-websocket\9.0.71\tomcat-embed-websocket-9.0.71.jar;D:\maven\apache-maven-3.6.1\mvn_resp\org\springframework\spring-web\5.3.25\spring-web-5.3.25.jar;D:\maven\apache-maven-3.6.1\mvn_resp\org\springframework\spring-beans\5.3.25\spring-beans-5.3.25.jar;D:\maven\apache-maven-3.6.1\mvn_resp\org\springframework\spring-webmvc\5.3.25\spring-webmvc-5.3.25.jar;D:\maven\apache-maven-3.6.1\mvn_resp\org\springframework\spring-aop\5.3.25\spring-aop-5.3.25.jar;D:\maven\apache-maven-3.6.1\mvn_resp\org\springframework\spring-expression\5.3.25\spring-expression-5.3.25.jar;D:\maven\apache-maven-3.6.1\mvn_resp\org\mybatis\spring\boot\mybatis-spring-boot-starter\2.3.0\mybatis-spring-boot-starter-2.3.0.jar;D:\maven\apache-maven-3.6.1\mvn_resp\org\springframework\boot\spring-boot-starter-jdbc\2.7.8\spring-boot-starter-jdbc-2.7.8.jar;D:\maven\apache-maven-3.6.1\mvn_resp\com\zaxxer\HikariCP\4.0.3\HikariCP-4.0.3.jar;D:\maven\apache-maven-3.6.1\mvn_resp\org\springframework\spring-jdbc\5.3.25\spring-jdbc-5.3.25.jar;D:\maven\apache-maven-3.6.1\mvn_resp\org\mybatis\spring\boot\mybatis-spring-boot-autoconfigure\2.3.0\mybatis-spring-boot-autoconfigure-2.3.0.jar;D:\maven\apache-maven-3.6.1\mvn_resp\org\mybatis\mybatis\3.5.11\mybatis-3.5.11.jar;D:\maven\apache-maven-3.6.1\mvn_resp\org\mybatis\mybatis-spring\2.1.0\mybatis-spring-2.1.0.jar;D:\maven\apache-maven-3.6.1\mvn_resp\com\baomidou\mybatis-plus-boot-starter\3.5.2\mybatis-plus-boot-starter-3.5.2.jar;D:\maven\apache-maven-3.6.1\mvn_resp\com\baomidou\mybatis-plus\3.5.2\mybatis-plus-3.5.2.jar;D:\maven\apache-maven-3.6.1\mvn_resp\com\baomidou\mybatis-plus-extension\3.5.2\mybatis-plus-extension-3.5.2.jar;D:\maven\apache-maven-3.6.1\mvn_resp\com\baomidou\mybatis-plus-core\3.5.2\mybatis-plus-core-3.5.2.jar;D:\maven\apache-maven-3.6.1\mvn_resp\com\baomidou\mybatis-plus-annotation\3.5.2\mybatis-plus-annotation-3.5.2.jar;D:\maven\apache-maven-3.6.1\mvn_resp\com\github\jsqlparser\jsqlparser\4.4\jsqlparser-4.4.jar;D:\maven\apache-maven-3.6.1\mvn_resp\org\jetbrains\kotlin\kotlin-stdlib-jdk8\1.6.21\kotlin-stdlib-jdk8-1.6.21.jar;D:\maven\apache-maven-3.6.1\mvn_resp\org\jetbrains\kotlin\kotlin-stdlib\1.6.21\kotlin-stdlib-1.6.21.jar;D:\maven\apache-maven-3.6.1\mvn_resp\org\jetbrains\kotlin\kotlin-stdlib-common\1.6.21\kotlin-stdlib-common-1.6.21.jar;D:\maven\apache-maven-3.6.1\mvn_resp\org\jetbrains\annotations\13.0\annotations-13.0.jar;D:\maven\apache-maven-3.6.1\mvn_resp\org\jetbrains\kotlin\kotlin-stdlib-jdk7\1.6.21\kotlin-stdlib-jdk7-1.6.21.jar;D:\maven\apache-maven-3.6.1\mvn_resp\com\mysql\mysql-connector-j\8.0.32\mysql-connector-j-8.0.32.jar;D:\maven\apache-maven-3.6.1\mvn_resp\redis\clients\jedis\2.8.0\jedis-2.8.0.jar;D:\maven\apache-maven-3.6.1\mvn_resp\org\apache\commons\commons-pool2\2.11.1\commons-pool2-2.11.1.jar;D:\maven\apache-maven-3.6.1\mvn_resp\org\springframework\boot\spring-boot-starter-data-redis\2.7.8\spring-boot-starter-data-redis-2.7.8.jar;D:\maven\apache-maven-3.6.1\mvn_resp\org\springframework\data\spring-data-redis\2.7.7\spring-data-redis-2.7.7.jar;D:\maven\apache-maven-3.6.1\mvn_resp\org\springframework\data\spring-data-keyvalue\2.7.7\spring-data-keyvalue-2.7.7.jar;D:\maven\apache-maven-3.6.1\mvn_resp\org\springframework\data\spring-data-commons\2.7.7\spring-data-commons-2.7.7.jar;D:\maven\apache-maven-3.6.1\mvn_resp\org\springframework\spring-tx\5.3.25\spring-tx-5.3.25.jar;D:\maven\apache-maven-3.6.1\mvn_resp\org\springframework\spring-oxm\5.3.25\spring-oxm-5.3.25.jar;D:\maven\apache-maven-3.6.1\mvn_resp\org\springframework\spring-context-support\5.3.25\spring-context-support-5.3.25.jar;D:\maven\apache-maven-3.6.1\mvn_resp\io\lettuce\lettuce-core\6.1.10.RELEASE\lettuce-core-6.1.10.RELEASE.jar;D:\maven\apache-maven-3.6.1\mvn_resp\io\netty\netty-common\4.1.87.Final\netty-common-4.1.87.Final.jar;D:\maven\apache-maven-3.6.1\mvn_resp\io\netty\netty-handler\4.1.87.Final\netty-handler-4.1.87.Final.jar;D:\maven\apache-maven-3.6.1\mvn_resp\io\netty\netty-resolver\4.1.87.Final\netty-resolver-4.1.87.Final.jar;D:\maven\apache-maven-3.6.1\mvn_resp\io\netty\netty-buffer\4.1.87.Final\netty-buffer-4.1.87.Final.jar;D:\maven\apache-maven-3.6.1\mvn_resp\io\netty\netty-transport-native-unix-common\4.1.87.Final\netty-transport-native-unix-common-4.1.87.Final.jar;D:\maven\apache-maven-3.6.1\mvn_resp\io\netty\netty-codec\4.1.87.Final\netty-codec-4.1.87.Final.jar;D:\maven\apache-maven-3.6.1\mvn_resp\io\netty\netty-transport\4.1.87.Final\netty-transport-4.1.87.Final.jar;D:\maven\apache-maven-3.6.1\mvn_resp\io\projectreactor\reactor-core\3.4.26\reactor-core-3.4.26.jar;D:\maven\apache-maven-3.6.1\mvn_resp\org\reactivestreams\reactive-streams\1.0.4\reactive-streams-1.0.4.jar;D:\maven\apache-maven-3.6.1\mvn_resp\com\alibaba\fastjson\1.2.76\fastjson-1.2.76.jar;D:\maven\apache-maven-3.6.1\mvn_resp\org\projectlombok\lombok\1.18.24\lombok-1.18.24.jar;D:\maven\apache-maven-3.6.1\mvn_resp\commons-lang\commons-lang\2.6\commons-lang-2.6.jar;D:\maven\apache-maven-3.6.1\mvn_resp\org\springframework\boot\spring-boot-starter-test\2.7.8\spring-boot-starter-test-2.7.8.jar;D:\maven\apache-maven-3.6.1\mvn_resp\org\springframework\boot\spring-boot-test\2.7.8\spring-boot-test-2.7.8.jar;D:\maven\apache-maven-3.6.1\mvn_resp\org\springframework\boot\spring-boot-test-autoconfigure\2.7.8\spring-boot-test-autoconfigure-2.7.8.jar;D:\maven\apache-maven-3.6.1\mvn_resp\com\jayway\jsonpath\json-path\2.7.0\json-path-2.7.0.jar;D:\maven\apache-maven-3.6.1\mvn_resp\net\minidev\json-smart\2.4.8\json-smart-2.4.8.jar;D:\maven\apache-maven-3.6.1\mvn_resp\net\minidev\accessors-smart\2.4.8\accessors-smart-2.4.8.jar;D:\maven\apache-maven-3.6.1\mvn_resp\org\ow2\asm\asm\9.1\asm-9.1.jar;D:\maven\apache-maven-3.6.1\mvn_resp\jakarta\xml\bind\jakarta.xml.bind-api\2.3.3\jakarta.xml.bind-api-2.3.3.jar;D:\maven\apache-maven-3.6.1\mvn_resp\jakarta\activation\jakarta.activation-api\1.2.2\jakarta.activation-api-1.2.2.jar;D:\maven\apache-maven-3.6.1\mvn_resp\org\assertj\assertj-core\3.22.0\assertj-core-3.22.0.jar;D:\maven\apache-maven-3.6.1\mvn_resp\org\hamcrest\hamcrest\2.2\hamcrest-2.2.jar;D:\maven\apache-maven-3.6.1\mvn_resp\org\junit\jupiter\junit-jupiter\5.8.2\junit-jupiter-5.8.2.jar;D:\maven\apache-maven-3.6.1\mvn_resp\org\junit\jupiter\junit-jupiter-api\5.8.2\junit-jupiter-api-5.8.2.jar;D:\maven\apache-maven-3.6.1\mvn_resp\org\opentest4j\opentest4j\1.2.0\opentest4j-1.2.0.jar;D:\maven\apache-maven-3.6.1\mvn_resp\org\junit\platform\junit-platform-commons\1.8.2\junit-platform-commons-1.8.2.jar;D:\maven\apache-maven-3.6.1\mvn_resp\org\apiguardian\apiguardian-api\1.1.2\apiguardian-api-1.1.2.jar;D:\maven\apache-maven-3.6.1\mvn_resp\org\junit\jupiter\junit-jupiter-params\5.8.2\junit-jupiter-params-5.8.2.jar;D:\maven\apache-maven-3.6.1\mvn_resp\org\junit\jupiter\junit-jupiter-engine\5.8.2\junit-jupiter-engine-5.8.2.jar;D:\maven\apache-maven-3.6.1\mvn_resp\org\junit\platform\junit-platform-engine\1.8.2\junit-platform-engine-1.8.2.jar;D:\maven\apache-maven-3.6.1\mvn_resp\org\mockito\mockito-core\4.5.1\mockito-core-4.5.1.jar;D:\maven\apache-maven-3.6.1\mvn_resp\net\bytebuddy\byte-buddy\1.12.22\byte-buddy-1.12.22.jar;D:\maven\apache-maven-3.6.1\mvn_resp\net\bytebuddy\byte-buddy-agent\1.12.22\byte-buddy-agent-1.12.22.jar;D:\maven\apache-maven-3.6.1\mvn_resp\org\objenesis\objenesis\3.2\objenesis-3.2.jar;D:\maven\apache-maven-3.6.1\mvn_resp\org\mockito\mockito-junit-jupiter\4.5.1\mockito-junit-jupiter-4.5.1.jar;D:\maven\apache-maven-3.6.1\mvn_resp\org\skyscreamer\jsonassert\1.5.1\jsonassert-1.5.1.jar;D:\maven\apache-maven-3.6.1\mvn_resp\com\vaadin\external\google\android-json\0.0.20131108.vaadin1\android-json-0.0.20131108.vaadin1.jar;D:\maven\apache-maven-3.6.1\mvn_resp\org\springframework\spring-test\5.3.25\spring-test-5.3.25.jar;D:\maven\apache-maven-3.6.1\mvn_resp\org\xmlunit\xmlunit-core\2.9.1\xmlunit-core-2.9.1.jar;D:\maven\apache-maven-3.6.1\mvn_resp\com\alibaba\druid-spring-boot-starter\1.1.23\druid-spring-boot-starter-1.1.23.jar;D:\maven\apache-maven-3.6.1\mvn_resp\com\alibaba\druid\1.1.23\druid-1.1.23.jar;D:\maven\apache-maven-3.6.1\mvn_resp\org\slf4j\slf4j-api\1.7.36\slf4j-api-1.7.36.jar;D:\maven\apache-maven-3.6.1\mvn_resp\org\apache\poi\poi\3.9\poi-3.9.jar;D:\maven\apache-maven-3.6.1\mvn_resp\commons-codec\commons-codec\1.15\commons-codec-1.15.jar;D:\maven\apache-maven-3.6.1\mvn_resp\org\apache\poi\poi-ooxml\4.1.0\poi-ooxml-4.1.0.jar;D:\maven\apache-maven-3.6.1\mvn_resp\org\apache\poi\poi-ooxml-schemas\4.1.0\poi-ooxml-schemas-4.1.0.jar;D:\maven\apache-maven-3.6.1\mvn_resp\org\apache\xmlbeans\xmlbeans\3.1.0\xmlbeans-3.1.0.jar;D:\maven\apache-maven-3.6.1\mvn_resp\org\apache\commons\commons-compress\1.18\commons-compress-1.18.jar;D:\maven\apache-maven-3.6.1\mvn_resp\com\github\virtuald\curvesapi\1.06\curvesapi-1.06.jar;D:\maven\apache-maven-3.6.1\mvn_resp\joda-time\joda-time\2.10.1\joda-time-2.10.1.jar;D:\maven\apache-maven-3.6.1\mvn_resp\junit\junit\4.12\junit-4.12.jar;D:\maven\apache-maven-3.6.1\mvn_resp\org\hamcrest\hamcrest-core\2.2\hamcrest-core-2.2.jar;"/>
    <property name="sun.cpu.endian" value="little"/>
    <property name="user.home" value="C:\Users\AOO"/>
    <property name="user.language" value="zh"/>
    <property name="java.specification.vendor" value="Oracle Corporation"/>
    <property name="java.home" value="C:\Program Files\Java\jdk1.8.0_351\jre"/>
    <property name="basedir" value="D:\javaSpring\material_management"/>
    <property name="file.separator" value="\"/>
    <property name="line.separator" value="&#10;"/>
    <property name="java.vm.specification.vendor" value="Oracle Corporation"/>
    <property name="java.specification.name" value="Java Platform API Specification"/>
    <property name="java.awt.graphicsenv" value="sun.awt.Win32GraphicsEnvironment"/>
    <property name="surefire.real.class.path" value="C:\Users\AOO\AppData\Local\Temp\surefire3972089787541459880\surefirebooter7848065227541716043.jar"/>
    <property name="sun.boot.class.path" value="C:\Program Files\Java\jdk1.8.0_351\jre\lib\resources.jar;C:\Program Files\Java\jdk1.8.0_351\jre\lib\rt.jar;C:\Program Files\Java\jdk1.8.0_351\jre\lib\jsse.jar;C:\Program Files\Java\jdk1.8.0_351\jre\lib\jce.jar;C:\Program Files\Java\jdk1.8.0_351\jre\lib\charsets.jar;C:\Program Files\Java\jdk1.8.0_351\jre\lib\jfr.jar;C:\Program Files\Java\jdk1.8.0_351\jre\classes"/>
    <property name="user.script" value=""/>
    <property name="sun.management.compiler" value="HotSpot 64-Bit Tiered Compilers"/>
    <property name="java.runtime.version" value="1.8.0_351-b10"/>
    <property name="user.name" value="AOO"/>
    <property name="path.separator" value=";"/>
    <property name="os.version" value="10.0"/>
    <property name="java.endorsed.dirs" value="C:\Program Files\Java\jdk1.8.0_351\jre\lib\endorsed"/>
    <property name="java.runtime.name" value="Java(TM) SE Runtime Environment"/>
    <property name="file.encoding" value="GBK"/>
    <property name="java.vm.name" value="Java HotSpot(TM) 64-Bit Server VM"/>
    <property name="localRepository" value="D:\maven\apache-maven-3.6.1\mvn_resp"/>
    <property name="java.vendor.url.bug" value="http://bugreport.sun.com/bugreport/"/>
    <property name="java.io.tmpdir" value="C:\Users\AOO\AppData\Local\Temp\"/>
    <property name="idea.version" value="2021.1.3"/>
    <property name="java.version" value="1.8.0_351"/>
    <property name="user.dir" value="D:\javaSpring\material_management"/>
    <property name="os.arch" value="amd64"/>
    <property name="java.vm.specification.name" value="Java Virtual Machine Specification"/>
    <property name="java.awt.printerjob" value="sun.awt.windows.WPrinterJob"/>
    <property name="sun.os.patch.level" value=""/>
    <property name="java.library.path" value="C:\Program Files\Java\jdk1.8.0_351\jre\bin;C:\WINDOWS\Sun\Java\bin;C:\WINDOWS\system32;C:\WINDOWS;C:\Program Files (x86)\Common Files\Oracle\Java\javapath;F:\caozuoxitong\虚拟机\bin\;C:;ProgramData\Oracle\Java\javapath;&quot;C:\ProgramData\Oracle\Java\javapath;C:\Program Files (x86)\Java\jdk1.8.0_162\bin&quot;;C:\Program Files (x86)\Intel\iCLS Client\;C:\Program Files\Intel\iCLS Client\;C:\Windows\system32;C:\Windows\System32\Wbem;C:\Windows\System32\WindowsPowerShell\v1.0\;C:\Windows\System32\OpenSSH\;C:\Program Files (x86)\NVIDIA Corporation\PhysX\Common;C:\Program Files (x86)\Intel\Intel(R) Management Engine Components\DAL;C:\Program Files\Intel\Intel(R) Management Engine Components\DAL;C:\Program Files (x86)\Intel\Intel(R) Management Engine Components\IPT;C:\Program Files\Intel\Intel(R) Management Engine Components\IPT;C:\Program Files\Intel\WiFi\bin\;C:\Program Files\Common Files\Intel\WirelessCommon\;C:\Program Files\NVIDIA Corporation\NVIDIA NvDLISR;C:\WINDOWS\system32;C:\WINDOWS;C:\WINDOWS\System32\Wbem;C:\WINDOWS\System32\WindowsPowerShell\v1.0\;C:\WINDOWS\System32\OpenSSH\;&quot;C:\Program Files\Java\jdk1.8.0_351\bin;&quot;;C:\Program Files (x86)\Microsoft SQL Server\110\DTS\Binn\;C:\Program Files (x86)\Microsoft SQL Server\110\Tools\Binn\;C:\Program Files (x86)\Microsoft SQL Server\110\Tools\Binn\ManagementStudio\;C:\Program Files (x86)\Microsoft Visual Studio 10.0\Common7\IDE\PrivateAssemblies\;C:\Program Files\MySQL\MySQL Utilities 1.6\;D:\maven\apache-maven-3.6.1\bin;C:\Program Files\dotnet\;F:\web\Hbulider9.0\Hbulider\HBuilder\tools\adbs;F:\node.js\;F:\maven\apache-maven-3.6.3-bin\apache-maven-3.6.3\bin;C:\Program Files\MySQL\MySQL Server 5.7\bin;F:\C#\vs2015\huancun\VC\Tools\MSVC\14.16.27023\bin\Hostx64\x64;C:\Program Files (x86)\dotnet\;D:\Git\cmd;C:\Program Files\Java\jdk1.8.0_351\bin;C:\Users\AOO\.dotnet\tools;F:\node.js\node_global;;."/>
    <property name="java.vm.info" value="mixed mode"/>
    <property name="java.vendor" value="Oracle Corporation"/>
    <property name="java.vm.version" value="25.351-b10"/>
    <property name="java.specification.maintenance.version" value="4"/>
    <property name="java.ext.dirs" value="C:\Program Files\Java\jdk1.8.0_351\jre\lib\ext;C:\WINDOWS\Sun\Java\lib\ext"/>
    <property name="sun.io.unicode.encoding" value="UnicodeLittle"/>
    <property name="maven.repo.local" value="D:\maven\apache-maven-3.6.1\mvn_resp"/>
    <property name="java.class.version" value="52.0"/>
  </properties>
  <testcase name="testRedis" classname="com.rblue.MaterialManagermentApplicationTests" time="0.272"/>
</testsuite>